<?xml version="1.0" encoding="UTF-8"?>
<testsuite xmlns:xsi="http://www.w3.org/2001/XMLSchema-instance" xsi:schemaLocation="https://maven.apache.org/surefire/maven-surefire-plugin/xsd/surefire-test-report.xsd" name="tn.esprit.spring.service.ContratServiceImplTest" time="15.489" tests="3" errors="1" skipped="0" failures="0">
  <properties>
    <property name="java.runtime.name" value="Java(TM) SE Runtime Environment"/>
    <property name="sun.boot.library.path" value="C:\Products\java\jdk1.8.0\jre\bin"/>
    <property name="java.vm.version" value="25.301-b09"/>
    <property name="java.vm.vendor" value="Oracle Corporation"/>
    <property name="maven.multiModuleProjectDirectory" value="C:\Users\Fyras\Desktop\DevOps_5SIM1"/>
    <property name="java.vendor.url" value="http://java.oracle.com/"/>
    <property name="path.separator" value=";"/>
    <property name="guice.disable.misplaced.annotation.check" value="true"/>
    <property name="java.vm.name" value="Java HotSpot(TM) 64-Bit Server VM"/>
    <property name="file.encoding.pkg" value="sun.io"/>
    <property name="user.script" value=""/>
    <property name="user.country" value="US"/>
    <property name="sun.java.launcher" value="SUN_STANDARD"/>
    <property name="sun.os.patch.level" value=""/>
    <property name="java.vm.specification.name" value="Java Virtual Machine Specification"/>
    <property name="user.dir" value="C:\Users\Fyras\Desktop\DevOps_5SIM1"/>
    <property name="java.runtime.version" value="1.8.0_301-b09"/>
    <property name="java.awt.graphicsenv" value="sun.awt.Win32GraphicsEnvironment"/>
    <property name="java.endorsed.dirs" value="C:\Products\java\jdk1.8.0\jre\lib\endorsed"/>
    <property name="os.arch" value="amd64"/>
    <property name="java.io.tmpdir" value="C:\Users\Fyras\AppData\Local\Temp\"/>
    <property name="line.separator" value="&#10;"/>
    <property name="java.vm.specification.vendor" value="Oracle Corporation"/>
    <property name="user.variant" value=""/>
    <property name="os.name" value="Windows 10"/>
    <property name="classworlds.conf" value="C:\Products\maven\apache-maven-3.3.3\bin\..\bin\m2.conf"/>
    <property name="sun.jnu.encoding" value="Cp1252"/>
    <property name="java.library.path" value="C:\Products\java\jdk1.8.0\bin;C:\WINDOWS\Sun\Java\bin;C:\WINDOWS\system32;C:\WINDOWS;C:\Program Files (x86)\Common Files\Oracle\Java\javapath;C:\WINDOWS\system32;C:\WINDOWS;C:\WINDOWS\System32\Wbem;C:\WINDOWS\System32\WindowsPowerShell\v1.0\;C:\Program Files\Intel\WiFi\bin\;C:\Program Files\Common Files\Intel\WirelessCommon\;C:\WINDOWS\System32\OpenSSH\;D:\Installed\Java\bin\;D:\Installed\Java\;C:\Program Files\nodejs\;C:\Program Files\NVIDIA Corporation\NVIDIA NvDLISR;C:\Program Files\Docker\Docker\resources\bin;C:\ProgramData\DockerDesktop\version-bin;C:\Program Files (x86)\NVIDIA Corporation\PhysX\Common;C:\Program Files\dotnet\;C:\Products\java\jdk1.8.0\bin;C:\Products\maven\apache-maven-3.3.3\bin;C:\Program Files (x86)\MySQL\MySQL Fabric 1.5.4 &amp; MySQL Utilities 1.5.4 1.5\;C:\Program Files (x86)\MySQL\MySQL Fabric 1.5.4 &amp; MySQL Utilities 1.5.4 1.5\Doctrine extensions for PHP\;C:\Users\Fyras\AppData\Local\Programs\Python\Python37\Scripts\;C:\Users\Fyras\AppData\Local\Programs\Python\Python37\;C:\Users\Fyras\AppData\Local\Microsoft\WindowsApps;C:\Users\Fyras\AppData\Local\GitHubDesktop\bin;C:\Program Files\Intel\WiFi\bin\;C:\Program Files\Common Files\Intel\WirelessCommon\;C:\Users\Fyras\AppData\Local\Microsoft\WindowsApps;C:\Users\Fyras\AppData\Local\Programs\Microsoft VS Code\bin;C:\flutter\bin;D:\Installed\Java\bin;C:\Users\Fyras\AppData\Roaming\npm;;."/>
    <property name="java.specification.name" value="Java Platform API Specification"/>
    <property name="java.class.version" value="52.0"/>
    <property name="sun.management.compiler" value="HotSpot 64-Bit Tiered Compilers"/>
    <property name="os.version" value="10.0"/>
    <property name="user.home" value="C:\Users\Fyras"/>
    <property name="user.timezone" value="Africa/Casablanca"/>
    <property name="java.awt.printerjob" value="sun.awt.windows.WPrinterJob"/>
    <property name="java.specification.version" value="1.8"/>
    <property name="file.encoding" value="Cp1252"/>
    <property name="user.name" value="Fyras"/>
    <property name="java.class.path" value="C:\Products\maven\apache-maven-3.3.3\bin\..\boot\plexus-classworlds-2.5.2.jar"/>
    <property name="java.vm.specification.version" value="1.8"/>
    <property name="sun.arch.data.model" value="64"/>
    <property name="java.home" value="C:\Products\java\jdk1.8.0\jre"/>
    <property name="sun.java.command" value="org.codehaus.plexus.classworlds.launcher.Launcher install"/>
    <property name="java.specification.vendor" value="Oracle Corporation"/>
    <property name="user.language" value="en"/>
    <property name="awt.toolkit" value="sun.awt.windows.WToolkit"/>
    <property name="java.vm.info" value="mixed mode"/>
    <property name="java.version" value="1.8.0_301"/>
    <property name="java.ext.dirs" value="C:\Products\java\jdk1.8.0\jre\lib\ext;C:\WINDOWS\Sun\Java\lib\ext"/>
    <property name="sun.boot.class.path" value="C:\Products\java\jdk1.8.0\jre\lib\resources.jar;C:\Products\java\jdk1.8.0\jre\lib\rt.jar;C:\Products\java\jdk1.8.0\jre\lib\sunrsasign.jar;C:\Products\java\jdk1.8.0\jre\lib\jsse.jar;C:\Products\java\jdk1.8.0\jre\lib\jce.jar;C:\Products\java\jdk1.8.0\jre\lib\charsets.jar;C:\Products\java\jdk1.8.0\jre\lib\jfr.jar;C:\Products\java\jdk1.8.0\jre\classes"/>
    <property name="sun.stderr.encoding" value="cp437"/>
    <property name="java.vendor" value="Oracle Corporation"/>
    <property name="maven.home" value="C:\Products\maven\apache-maven-3.3.3\bin\.."/>
    <property name="file.separator" value="\"/>
    <property name="java.vendor.url.bug" value="http://bugreport.sun.com/bugreport/"/>
    <property name="sun.cpu.endian" value="little"/>
    <property name="sun.io.unicode.encoding" value="UnicodeLittle"/>
    <property name="sun.stdout.encoding" value="cp437"/>
    <property name="sun.desktop" value="windows"/>
    <property name="sun.cpu.isalist" value="amd64"/>
  </properties>
  <testcase name="testretrieveAllContrats" classname="tn.esprit.spring.service.ContratServiceImplTest" time="0.913"/>
  <testcase name="testdeleteContrat" classname="tn.esprit.spring.service.ContratServiceImplTest" time="0.086">
    <error message="No class tn.esprit.spring.entities.Contrat entity with id 2 exists!" type="org.springframework.dao.EmptyResultDataAccessException">org.springframework.dao.EmptyResultDataAccessException: No class tn.esprit.spring.entities.Contrat entity with id 2 exists!
	at tn.esprit.spring.service.ContratServiceImplTest.testdeleteContrat(ContratServiceImplTest.java:67)
</error>
    <system-out><![CDATA[Hibernate: select contrat0_.reference as referenc1_0_0_, contrat0_.date_debut as date_deb2_0_0_, contrat0_.salaire as salaire3_0_0_, contrat0_.type_contrat as type_con4_0_0_, employe1_.id as id1_3_1_, employe1_.actif as actif2_3_1_, employe1_.contrat_reference as contrat_8_3_1_, employe1_.email as email3_3_1_, employe1_.nom as nom4_3_1_, employe1_.password as password5_3_1_, employe1_.prenom as prenom6_3_1_, employe1_.role as role7_3_1_ from t_contrat contrat0_ left outer join t_employe employe1_ on contrat0_.reference=employe1_.contrat_reference where contrat0_.reference=?
]]></system-out>
  </testcase>
  <testcase name="testAjouterContrat" classname="tn.esprit.spring.service.ContratServiceImplTest" time="0.066"/>
</testsuite>